[debug] [2024-04-29T18:56:22.165Z] ----------------------------------------------------------------------
[debug] [2024-04-29T18:56:22.179Z] Command:       C:\Program Files\nodejs\node.exe C:\Users\Tumisho Precious\AppData\Roaming\npm\node_modules\firebase-tools\lib\bin\firebase.js init
[debug] [2024-04-29T18:56:22.181Z] CLI Version:   13.7.5
[debug] [2024-04-29T18:56:22.183Z] Platform:      win32
[debug] [2024-04-29T18:56:22.183Z] Node Version:  v21.7.3
[debug] [2024-04-29T18:56:22.184Z] Time:          Mon Apr 29 2024 20:56:22 GMT+0200 (South Africa Standard Time)
[debug] [2024-04-29T18:56:22.186Z] ----------------------------------------------------------------------
[debug] 
[debug] [2024-04-29T18:56:22.565Z] > command requires scopes: ["email","openid","https://www.googleapis.com/auth/cloudplatformprojects.readonly","https://www.googleapis.com/auth/firebase","https://www.googleapis.com/auth/cloud-platform"]
[debug] [2024-04-29T18:56:22.568Z] > authorizing via signed-in user (preciousmarokane01@gmail.com)
[info] 
     ######## #### ########  ######## ########     ###     ######  ########
     ##        ##  ##     ## ##       ##     ##  ##   ##  ##       ##
     ######    ##  ########  ######   ########  #########  ######  ######
     ##        ##  ##    ##  ##       ##     ## ##     ##       ## ##
     ##       #### ##     ## ######## ########  ##     ##  ######  ########

You're about to initialize a Firebase project in this directory:

  C:\Users\Tumisho Precious

Before we get started, keep in mind:

  * You are initializing within an existing Firebase project directory

[info] 
=== Project Setup
[info] 
[info] First, let's associate this project directory with a Firebase project.
[info] You can create multiple project aliases by running firebase use --add, 
[info] but for now we'll just set up a default project.
[info] 
[debug] [2024-04-29T19:39:11.290Z] Using project from CLI flag: charity-website-ca5e8
[debug] [2024-04-29T19:39:11.387Z] >>> [apiv2][query] GET https://firebase.googleapis.com/v1beta1/projects/charity-website-ca5e8 [none]
[debug] [2024-04-29T19:39:12.261Z] <<< [apiv2][status] GET https://firebase.googleapis.com/v1beta1/projects/charity-website-ca5e8 200
[debug] [2024-04-29T19:39:12.262Z] <<< [apiv2][body] GET https://firebase.googleapis.com/v1beta1/projects/charity-website-ca5e8 {"projectId":"charity-website-ca5e8","projectNumber":"342642386106","displayName":"charity-website","name":"projects/charity-website-ca5e8","resources":{"hostingSite":"charity-website-ca5e8"},"state":"ACTIVE","etag":"1_90c844c2-ae16-4df3-8841-8f802a44483a"}
[info] i  Using project charity-website-ca5e8 (charity-website) 
[info] 
=== Hosting Setup
[debug] [2024-04-29T19:39:12.355Z] >>> [apiv2][query] GET https://firebase.googleapis.com/v1beta1/projects/charity-website-ca5e8 [none]
[debug] [2024-04-29T19:39:12.738Z] <<< [apiv2][status] GET https://firebase.googleapis.com/v1beta1/projects/charity-website-ca5e8 200
[debug] [2024-04-29T19:39:12.739Z] <<< [apiv2][body] GET https://firebase.googleapis.com/v1beta1/projects/charity-website-ca5e8 {"projectId":"charity-website-ca5e8","projectNumber":"342642386106","displayName":"charity-website","name":"projects/charity-website-ca5e8","resources":{"hostingSite":"charity-website-ca5e8"},"state":"ACTIVE","etag":"1_90c844c2-ae16-4df3-8841-8f802a44483a"}
[info] 
[info] Your public directory is the folder (relative to your project directory) that
[info] will contain Hosting assets to be uploaded with firebase deploy. If you
[info] have a build process for your assets, use your build's output directory.
[info] 
